<?xml version="1.0" encoding="UTF-8"?>
<!-- Generated by org.testng.reporters.JUnitReportReporter -->
<testsuite hostname="DDC2-L-6482QX0" failures="0" tests="1" name="Youtube.HomePage" time="3.685" errors="0" timestamp="2022-05-11T17:59:59 IST" skipped="0">
  <testcase classname="Youtube.HomePage" name="Homepagenavigation" time="3.685"/>
  <system-out/>
</testsuite> <!-- Youtube.HomePage -->
